  Pacman.cpp
C:\Program Files (x86)\Microsoft Visual Studio\2019\Community\VC\Tools\MSVC\14.27.29110\include\vector(1749,1): warning C4251: 'std::vector<S2D::Input::Keys,std::allocator<S2D::Input::Keys>>::_Mypair': class 'std::_Compressed_pair<std::allocator<S2D::Input::Keys>,std::_Vector_val<std::_Simple_types<_Ty>>,true>' needs to have dll-interface to be used by clients of class 'std::vector<S2D::Input::Keys,std::allocator<S2D::Input::Keys>>'
          with
          [
              _Ty=S2D::Input::Keys
          ]
C:\Program Files (x86)\Microsoft Visual Studio\2019\Community\VC\Tools\MSVC\14.27.29110\include\vector(1749): message : see declaration of 'std::_Compressed_pair<std::allocator<S2D::Input::Keys>,std::_Vector_val<std::_Simple_types<_Ty>>,true>'
          with
          [
              _Ty=S2D::Input::Keys
          ]
C:\Users\Bradley Stinton\Desktop\Pacman Game VS\Pacman\Pacman\S2D\Input.h(108): message : see reference to class template instantiation 'std::vector<S2D::Input::Keys,std::allocator<S2D::Input::Keys>>' being compiled
C:\Users\Bradley Stinton\Desktop\Pacman Game VS\Pacman\Pacman\Pacman.cpp(77,100): warning C4244: 'argument': conversion from 'float' to 'int', possible loss of data
C:\Users\Bradley Stinton\Desktop\Pacman Game VS\Pacman\Pacman\Pacman.cpp(102,51): warning C4244: '=': conversion from 'int' to 'float', possible loss of data
C:\Users\Bradley Stinton\Desktop\Pacman Game VS\Pacman\Pacman\Pacman.cpp(107,51): warning C4244: '=': conversion from 'int' to 'float', possible loss of data
C:\Users\Bradley Stinton\Desktop\Pacman Game VS\Pacman\Pacman\Pacman.cpp(157,30): warning C4244: '=': conversion from 'int' to 'float', possible loss of data
C:\Users\Bradley Stinton\Desktop\Pacman Game VS\Pacman\Pacman\Pacman.cpp(159,27): warning C4244: '=': conversion from 'int' to 'float', possible loss of data
C:\Users\Bradley Stinton\Desktop\Pacman Game VS\Pacman\Pacman\Pacman.cpp(166,27): warning C4244: '=': conversion from 'int' to 'float', possible loss of data
C:\Users\Bradley Stinton\Desktop\Pacman Game VS\Pacman\Pacman\Pacman.cpp(168,30): warning C4244: '=': conversion from 'int' to 'float', possible loss of data
C:\Users\Bradley Stinton\Desktop\Pacman Game VS\Pacman\Pacman\Pacman.cpp(174,27): warning C4244: '=': conversion from 'int' to 'float', possible loss of data
C:\Users\Bradley Stinton\Desktop\Pacman Game VS\Pacman\Pacman\Pacman.cpp(176,29): warning C4244: '=': conversion from 'int' to 'float', possible loss of data
C:\Users\Bradley Stinton\Desktop\Pacman Game VS\Pacman\Pacman\Pacman.cpp(183,29): warning C4244: '=': conversion from 'int' to 'float', possible loss of data
C:\Users\Bradley Stinton\Desktop\Pacman Game VS\Pacman\Pacman\Pacman.cpp(185,27): warning C4244: '=': conversion from 'int' to 'float', possible loss of data
  main.cpp
C:\Program Files (x86)\Microsoft Visual Studio\2019\Community\VC\Tools\MSVC\14.27.29110\include\vector(1749,1): warning C4251: 'std::vector<S2D::Input::Keys,std::allocator<S2D::Input::Keys>>::_Mypair': class 'std::_Compressed_pair<std::allocator<S2D::Input::Keys>,std::_Vector_val<std::_Simple_types<_Ty>>,true>' needs to have dll-interface to be used by clients of class 'std::vector<S2D::Input::Keys,std::allocator<S2D::Input::Keys>>'
          with
          [
              _Ty=S2D::Input::Keys
          ]
C:\Program Files (x86)\Microsoft Visual Studio\2019\Community\VC\Tools\MSVC\14.27.29110\include\vector(1749): message : see declaration of 'std::_Compressed_pair<std::allocator<S2D::Input::Keys>,std::_Vector_val<std::_Simple_types<_Ty>>,true>'
          with
          [
              _Ty=S2D::Input::Keys
          ]
C:\Users\Bradley Stinton\Desktop\Pacman Game VS\Pacman\Pacman\S2D\Input.h(108): message : see reference to class template instantiation 'std::vector<S2D::Input::Keys,std::allocator<S2D::Input::Keys>>' being compiled
  Generating Code...
  Pacman.vcxproj -> C:\Users\Bradley Stinton\Desktop\Pacman Game VS\Pacman\Debug\Pacman.exe
